This file contains any messages produced by compilers while
running configure, to aid debugging if configure makes a mistake.

It was created by mix configure 2.0, which was
generated by GNU Autoconf 2.61.  Invocation command line was

  $ ./configure 

## --------- ##
## Platform. ##
## --------- ##

hostname = 3c0b218b11ba
uname -m = x86_64
uname -r = 5.15.90.1-microsoft-standard-WSL2
uname -s = Linux
uname -v = #1 SMP Fri Jan 27 02:56:13 UTC 2023

/usr/bin/uname -p = x86_64
/bin/uname -X     = unknown

/bin/arch              = x86_64
/usr/bin/arch -k       = unknown
/usr/convex/getsysinfo = unknown
/usr/bin/hostinfo      = unknown
/bin/machine           = unknown
/usr/bin/oslevel       = unknown
/bin/universe          = unknown

PATH: /root/.vscode-server/bin/fdb98833154679dbaa7af67a5a29fe19e55c2b73/bin/remote-cli
PATH: /usr/local/sbin
PATH: /usr/local/bin
PATH: /usr/sbin
PATH: /usr/bin
PATH: /sbin
PATH: /bin


## ----------- ##
## Core tests. ##
## ----------- ##

configure:1898: checking for a BSD-compatible install
configure:1954: result: /usr/bin/install -c
configure:1965: checking whether build environment is sane
configure:2008: result: yes
configure:2073: checking for gawk
configure:2103: result: no
configure:2073: checking for mawk
configure:2089: found /usr/bin/mawk
configure:2100: result: mawk
configure:2111: checking whether make sets $(MAKE)
configure:2132: result: yes
configure:2322: checking for gawk
configure:2349: result: mawk
configure:2403: checking for ranlib
configure:2419: found /usr/bin/ranlib
configure:2430: result: ranlib
configure:2474: checking for style of include used by make
configure:2502: result: GNU
configure:2575: checking for gcc
configure:2591: found /usr/bin/gcc
configure:2602: result: gcc
configure:2840: checking for C compiler version
configure:2847: gcc --version >&5
gcc (Ubuntu 11.4.0-1ubuntu1~22.04) 11.4.0
Copyright (C) 2021 Free Software Foundation, Inc.
This is free software; see the source for copying conditions.  There is NO
warranty; not even for MERCHANTABILITY or FITNESS FOR A PARTICULAR PURPOSE.

configure:2850: $? = 0
configure:2857: gcc -v >&5
Using built-in specs.
COLLECT_GCC=gcc
COLLECT_LTO_WRAPPER=/usr/lib/gcc/x86_64-linux-gnu/11/lto-wrapper
OFFLOAD_TARGET_NAMES=nvptx-none:amdgcn-amdhsa
OFFLOAD_TARGET_DEFAULT=1
Target: x86_64-linux-gnu
Configured with: ../src/configure -v --with-pkgversion='Ubuntu 11.4.0-1ubuntu1~22.04' --with-bugurl=file:///usr/share/doc/gcc-11/README.Bugs --enable-languages=c,ada,c++,go,brig,d,fortran,objc,obj-c++,m2 --prefix=/usr --with-gcc-major-version-only --program-suffix=-11 --program-prefix=x86_64-linux-gnu- --enable-shared --enable-linker-build-id --libexecdir=/usr/lib --without-included-gettext --enable-threads=posix --libdir=/usr/lib --enable-nls --enable-bootstrap --enable-clocale=gnu --enable-libstdcxx-debug --enable-libstdcxx-time=yes --with-default-libstdcxx-abi=new --enable-gnu-unique-object --disable-vtable-verify --enable-plugin --enable-default-pie --with-system-zlib --enable-libphobos-checking=release --with-target-system-zlib=auto --enable-objc-gc=auto --enable-multiarch --disable-werror --enable-cet --with-arch-32=i686 --with-abi=m64 --with-multilib-list=m32,m64,mx32 --enable-multilib --with-tune=generic --enable-offload-targets=nvptx-none=/build/gcc-11-XeT9lY/gcc-11-11.4.0/debian/tmp-nvptx/usr,amdgcn-amdhsa=/build/gcc-11-XeT9lY/gcc-11-11.4.0/debian/tmp-gcn/usr --without-cuda-driver --enable-checking=release --build=x86_64-linux-gnu --host=x86_64-linux-gnu --target=x86_64-linux-gnu --with-build-config=bootstrap-lto-lean --enable-link-serialization=2
Thread model: posix
Supported LTO compression algorithms: zlib zstd
gcc version 11.4.0 (Ubuntu 11.4.0-1ubuntu1~22.04) 
configure:2860: $? = 0
configure:2867: gcc -V >&5
gcc: error: unrecognized command-line option '-V'
gcc: fatal error: no input files
compilation terminated.
configure:2870: $? = 1
configure:2893: checking for C compiler default output file name
configure:2920: gcc    conftest.c  >&5
configure:2923: $? = 0
configure:2961: result: a.out
configure:2978: checking whether the C compiler works
configure:2988: ./a.out
configure:2991: $? = 0
configure:3008: result: yes
configure:3015: checking whether we are cross compiling
configure:3017: result: no
configure:3020: checking for suffix of executables
configure:3027: gcc -o conftest    conftest.c  >&5
configure:3030: $? = 0
configure:3054: result: 
configure:3060: checking for suffix of object files
configure:3086: gcc -c   conftest.c >&5
configure:3089: $? = 0
configure:3112: result: o
configure:3116: checking whether we are using the GNU C compiler
configure:3145: gcc -c   conftest.c >&5
configure:3151: $? = 0
configure:3168: result: yes
configure:3173: checking whether gcc accepts -g
configure:3203: gcc -c -g  conftest.c >&5
configure:3209: $? = 0
configure:3308: result: yes
configure:3325: checking for gcc option to accept ISO C89
configure:3399: gcc  -c -g -O2  conftest.c >&5
configure:3405: $? = 0
configure:3428: result: none needed
configure:3448: checking dependency style of gcc
configure:3538: result: gcc3
configure:3561: checking how to run the C preprocessor
configure:3601: gcc -E  conftest.c
configure:3607: $? = 0
configure:3638: gcc -E  conftest.c
conftest.c:11:10: fatal error: ac_nonexistent.h: No such file or directory
   11 | #include <ac_nonexistent.h>
      |          ^~~~~~~~~~~~~~~~~~
compilation terminated.
configure:3644: $? = 1
configure: failed program was:
| /* confdefs.h.  */
| #define PACKAGE_NAME "mix"
| #define PACKAGE_TARNAME "mix"
| #define PACKAGE_VERSION "2.0"
| #define PACKAGE_STRING "mix 2.0"
| #define PACKAGE_BUGREPORT "gray@gnu.org.ua"
| #define PACKAGE "mix"
| #define VERSION "2.0"
| #define _GNU_SOURCE 1
| /* end confdefs.h.  */
| #include <ac_nonexistent.h>
configure:3677: result: gcc -E
configure:3706: gcc -E  conftest.c
configure:3712: $? = 0
configure:3743: gcc -E  conftest.c
conftest.c:11:10: fatal error: ac_nonexistent.h: No such file or directory
   11 | #include <ac_nonexistent.h>
      |          ^~~~~~~~~~~~~~~~~~
compilation terminated.
configure:3749: $? = 1
configure: failed program was:
| /* confdefs.h.  */
| #define PACKAGE_NAME "mix"
| #define PACKAGE_TARNAME "mix"
| #define PACKAGE_VERSION "2.0"
| #define PACKAGE_STRING "mix 2.0"
| #define PACKAGE_BUGREPORT "gray@gnu.org.ua"
| #define PACKAGE "mix"
| #define VERSION "2.0"
| #define _GNU_SOURCE 1
| /* end confdefs.h.  */
| #include <ac_nonexistent.h>
configure:3787: checking for grep that handles long lines and -e
configure:3861: result: /usr/bin/grep
configure:3866: checking for egrep
configure:3944: result: /usr/bin/grep -E
configure:3950: checking for AIX
configure:3972: result: no
configure:3978: checking for ANSI C header files
configure:4008: gcc -c -g -O2  conftest.c >&5
configure:4014: $? = 0
configure:4113: gcc -o conftest -g -O2   conftest.c  >&5
configure:4116: $? = 0
configure:4122: ./conftest
configure:4125: $? = 0
configure:4142: result: yes
configure:4166: checking for sys/types.h
configure:4187: gcc -c -g -O2  conftest.c >&5
configure:4193: $? = 0
configure:4209: result: yes
configure:4166: checking for sys/stat.h
configure:4187: gcc -c -g -O2  conftest.c >&5
configure:4193: $? = 0
configure:4209: result: yes
configure:4166: checking for stdlib.h
configure:4187: gcc -c -g -O2  conftest.c >&5
configure:4193: $? = 0
configure:4209: result: yes
configure:4166: checking for string.h
configure:4187: gcc -c -g -O2  conftest.c >&5
configure:4193: $? = 0
configure:4209: result: yes
configure:4166: checking for memory.h
configure:4187: gcc -c -g -O2  conftest.c >&5
configure:4193: $? = 0
configure:4209: result: yes
configure:4166: checking for strings.h
configure:4187: gcc -c -g -O2  conftest.c >&5
configure:4193: $? = 0
configure:4209: result: yes
configure:4166: checking for inttypes.h
configure:4187: gcc -c -g -O2  conftest.c >&5
configure:4193: $? = 0
configure:4209: result: yes
configure:4166: checking for stdint.h
configure:4187: gcc -c -g -O2  conftest.c >&5
configure:4193: $? = 0
configure:4209: result: yes
configure:4166: checking for unistd.h
configure:4187: gcc -c -g -O2  conftest.c >&5
configure:4193: $? = 0
configure:4209: result: yes
configure:4231: checking minix/config.h usability
configure:4248: gcc -c -g -O2  conftest.c >&5
conftest.c:54:10: fatal error: minix/config.h: No such file or directory
   54 | #include <minix/config.h>
      |          ^~~~~~~~~~~~~~~~
compilation terminated.
configure:4254: $? = 1
configure: failed program was:
| /* confdefs.h.  */
| #define PACKAGE_NAME "mix"
| #define PACKAGE_TARNAME "mix"
| #define PACKAGE_VERSION "2.0"
| #define PACKAGE_STRING "mix 2.0"
| #define PACKAGE_BUGREPORT "gray@gnu.org.ua"
| #define PACKAGE "mix"
| #define VERSION "2.0"
| #define _GNU_SOURCE 1
| #define STDC_HEADERS 1
| #define HAVE_SYS_TYPES_H 1
| #define HAVE_SYS_STAT_H 1
| #define HAVE_STDLIB_H 1
| #define HAVE_STRING_H 1
| #define HAVE_MEMORY_H 1
| #define HAVE_STRINGS_H 1
| #define HAVE_INTTYPES_H 1
| #define HAVE_STDINT_H 1
| #define HAVE_UNISTD_H 1
| /* end confdefs.h.  */
| #include <stdio.h>
| #ifdef HAVE_SYS_TYPES_H
| # include <sys/types.h>
| #endif
| #ifdef HAVE_SYS_STAT_H
| # include <sys/stat.h>
| #endif
| #ifdef STDC_HEADERS
| # include <stdlib.h>
| # include <stddef.h>
| #else
| # ifdef HAVE_STDLIB_H
| #  include <stdlib.h>
| # endif
| #endif
| #ifdef HAVE_STRING_H
| # if !defined STDC_HEADERS && defined HAVE_MEMORY_H
| #  include <memory.h>
| # endif
| # include <string.h>
| #endif
| #ifdef HAVE_STRINGS_H
| # include <strings.h>
| #endif
| #ifdef HAVE_INTTYPES_H
| # include <inttypes.h>
| #endif
| #ifdef HAVE_STDINT_H
| # include <stdint.h>
| #endif
| #ifdef HAVE_UNISTD_H
| # include <unistd.h>
| #endif
| #include <minix/config.h>
configure:4268: result: no
configure:4272: checking minix/config.h presence
configure:4287: gcc -E  conftest.c
conftest.c:21:10: fatal error: minix/config.h: No such file or directory
   21 | #include <minix/config.h>
      |          ^~~~~~~~~~~~~~~~
compilation terminated.
configure:4293: $? = 1
configure: failed program was:
| /* confdefs.h.  */
| #define PACKAGE_NAME "mix"
| #define PACKAGE_TARNAME "mix"
| #define PACKAGE_VERSION "2.0"
| #define PACKAGE_STRING "mix 2.0"
| #define PACKAGE_BUGREPORT "gray@gnu.org.ua"
| #define PACKAGE "mix"
| #define VERSION "2.0"
| #define _GNU_SOURCE 1
| #define STDC_HEADERS 1
| #define HAVE_SYS_TYPES_H 1
| #define HAVE_SYS_STAT_H 1
| #define HAVE_STDLIB_H 1
| #define HAVE_STRING_H 1
| #define HAVE_MEMORY_H 1
| #define HAVE_STRINGS_H 1
| #define HAVE_INTTYPES_H 1
| #define HAVE_STDINT_H 1
| #define HAVE_UNISTD_H 1
| /* end confdefs.h.  */
| #include <minix/config.h>
configure:4307: result: no
configure:4340: checking for minix/config.h
configure:4347: result: no
configure:4386: checking whether it is safe to define __EXTENSIONS__
configure:4414: gcc -c -g -O2  conftest.c >&5
configure:4420: $? = 0
configure:4435: result: yes
configure:4505: checking for gcc
configure:4532: result: gcc
configure:4770: checking for C compiler version
configure:4777: gcc --version >&5
gcc (Ubuntu 11.4.0-1ubuntu1~22.04) 11.4.0
Copyright (C) 2021 Free Software Foundation, Inc.
This is free software; see the source for copying conditions.  There is NO
warranty; not even for MERCHANTABILITY or FITNESS FOR A PARTICULAR PURPOSE.

configure:4780: $? = 0
configure:4787: gcc -v >&5
Using built-in specs.
COLLECT_GCC=gcc
COLLECT_LTO_WRAPPER=/usr/lib/gcc/x86_64-linux-gnu/11/lto-wrapper
OFFLOAD_TARGET_NAMES=nvptx-none:amdgcn-amdhsa
OFFLOAD_TARGET_DEFAULT=1
Target: x86_64-linux-gnu
Configured with: ../src/configure -v --with-pkgversion='Ubuntu 11.4.0-1ubuntu1~22.04' --with-bugurl=file:///usr/share/doc/gcc-11/README.Bugs --enable-languages=c,ada,c++,go,brig,d,fortran,objc,obj-c++,m2 --prefix=/usr --with-gcc-major-version-only --program-suffix=-11 --program-prefix=x86_64-linux-gnu- --enable-shared --enable-linker-build-id --libexecdir=/usr/lib --without-included-gettext --enable-threads=posix --libdir=/usr/lib --enable-nls --enable-bootstrap --enable-clocale=gnu --enable-libstdcxx-debug --enable-libstdcxx-time=yes --with-default-libstdcxx-abi=new --enable-gnu-unique-object --disable-vtable-verify --enable-plugin --enable-default-pie --with-system-zlib --enable-libphobos-checking=release --with-target-system-zlib=auto --enable-objc-gc=auto --enable-multiarch --disable-werror --enable-cet --with-arch-32=i686 --with-abi=m64 --with-multilib-list=m32,m64,mx32 --enable-multilib --with-tune=generic --enable-offload-targets=nvptx-none=/build/gcc-11-XeT9lY/gcc-11-11.4.0/debian/tmp-nvptx/usr,amdgcn-amdhsa=/build/gcc-11-XeT9lY/gcc-11-11.4.0/debian/tmp-gcn/usr --without-cuda-driver --enable-checking=release --build=x86_64-linux-gnu --host=x86_64-linux-gnu --target=x86_64-linux-gnu --with-build-config=bootstrap-lto-lean --enable-link-serialization=2
Thread model: posix
Supported LTO compression algorithms: zlib zstd
gcc version 11.4.0 (Ubuntu 11.4.0-1ubuntu1~22.04) 
configure:4790: $? = 0
configure:4797: gcc -V >&5
gcc: error: unrecognized command-line option '-V'
gcc: fatal error: no input files
compilation terminated.
configure:4800: $? = 1
configure:4803: checking whether we are using the GNU C compiler
configure:4855: result: yes
configure:4860: checking whether gcc accepts -g
configure:4995: result: yes
configure:5012: checking for gcc option to accept ISO C89
configure:5115: result: none needed
configure:5135: checking dependency style of gcc
configure:5225: result: gcc3
configure:5246: checking for flex
configure:5276: result: no
configure:5246: checking for lex
configure:5276: result: no
configure:5450: checking for bison
configure:5480: result: no
configure:5450: checking for byacc
configure:5480: result: no
configure:5491: checking for ANSI C header files
configure:5655: result: yes
configure:5684: checking fcntl.h usability
configure:5701: gcc -c -g -O2  conftest.c >&5
configure:5707: $? = 0
configure:5721: result: yes
configure:5725: checking fcntl.h presence
configure:5740: gcc -E  conftest.c
configure:5746: $? = 0
configure:5760: result: yes
configure:5793: checking for fcntl.h
configure:5801: result: yes
configure:5674: checking for stdlib.h
configure:5680: result: yes
configure:5674: checking for string.h
configure:5680: result: yes
configure:5674: checking for strings.h
configure:5680: result: yes
configure:5674: checking for unistd.h
configure:5680: result: yes
configure:5816: checking return type of signal handlers
configure:5844: gcc -c -g -O2  conftest.c >&5
conftest.c: In function 'main':
conftest.c:36:10: error: void value not ignored as it ought to be
   36 | return *(signal (0, 0)) (0) == 1;
      |         ~^~~~~~~~~~~~~~~~~~
configure:5850: $? = 1
configure: failed program was:
| /* confdefs.h.  */
| #define PACKAGE_NAME "mix"
| #define PACKAGE_TARNAME "mix"
| #define PACKAGE_VERSION "2.0"
| #define PACKAGE_STRING "mix 2.0"
| #define PACKAGE_BUGREPORT "gray@gnu.org.ua"
| #define PACKAGE "mix"
| #define VERSION "2.0"
| #define _GNU_SOURCE 1
| #define STDC_HEADERS 1
| #define HAVE_SYS_TYPES_H 1
| #define HAVE_SYS_STAT_H 1
| #define HAVE_STDLIB_H 1
| #define HAVE_STRING_H 1
| #define HAVE_MEMORY_H 1
| #define HAVE_STRINGS_H 1
| #define HAVE_INTTYPES_H 1
| #define HAVE_STDINT_H 1
| #define HAVE_UNISTD_H 1
| #define __EXTENSIONS__ 1
| #define _POSIX_PTHREAD_SEMANTICS 1
| #define _TANDEM_SOURCE 1
| #define STDC_HEADERS 1
| #define HAVE_FCNTL_H 1
| #define HAVE_STDLIB_H 1
| #define HAVE_STRING_H 1
| #define HAVE_STRINGS_H 1
| #define HAVE_UNISTD_H 1
| /* end confdefs.h.  */
| #include <sys/types.h>
| #include <signal.h>
| 
| int
| main ()
| {
| return *(signal (0, 0)) (0) == 1;
|   ;
|   return 0;
| }
configure:5865: result: void
configure:5875: checking whether strerror_r is declared
configure:5904: gcc -c -g -O2  conftest.c >&5
configure:5910: $? = 0
configure:5925: result: yes
configure:5947: checking for strerror_r
configure:6003: gcc -o conftest -g -O2   conftest.c  >&5
configure:6009: $? = 0
configure:6027: result: yes
configure:6037: checking whether strerror_r returns char *
configure:6071: gcc -c -g -O2  conftest.c >&5
configure:6077: $? = 0
configure:6153: result: yes
configure:6180: checking getopt.h usability
configure:6197: gcc -c -g -O2  conftest.c >&5
configure:6203: $? = 0
configure:6217: result: yes
configure:6221: checking getopt.h presence
configure:6236: gcc -E  conftest.c
configure:6242: $? = 0
configure:6256: result: yes
configure:6289: checking for getopt.h
configure:6297: result: yes
configure:6319: checking for getopt_long_only
configure:6375: gcc -o conftest -g -O2   conftest.c  >&5
configure:6381: $? = 0
configure:6399: result: yes
configure:6414: checking whether optreset is declared
configure:6444: gcc -c -g -O2  conftest.c >&5
conftest.c: In function 'main':
conftest.c:42:10: error: 'optreset' undeclared (first use in this function)
   42 |   (void) optreset;
      |          ^~~~~~~~
conftest.c:42:10: note: each undeclared identifier is reported only once for each function it appears in
configure:6450: $? = 1
configure: failed program was:
| /* confdefs.h.  */
| #define PACKAGE_NAME "mix"
| #define PACKAGE_TARNAME "mix"
| #define PACKAGE_VERSION "2.0"
| #define PACKAGE_STRING "mix 2.0"
| #define PACKAGE_BUGREPORT "gray@gnu.org.ua"
| #define PACKAGE "mix"
| #define VERSION "2.0"
| #define _GNU_SOURCE 1
| #define STDC_HEADERS 1
| #define HAVE_SYS_TYPES_H 1
| #define HAVE_SYS_STAT_H 1
| #define HAVE_STDLIB_H 1
| #define HAVE_STRING_H 1
| #define HAVE_MEMORY_H 1
| #define HAVE_STRINGS_H 1
| #define HAVE_INTTYPES_H 1
| #define HAVE_STDINT_H 1
| #define HAVE_UNISTD_H 1
| #define __EXTENSIONS__ 1
| #define _POSIX_PTHREAD_SEMANTICS 1
| #define _TANDEM_SOURCE 1
| #define STDC_HEADERS 1
| #define HAVE_FCNTL_H 1
| #define HAVE_STDLIB_H 1
| #define HAVE_STRING_H 1
| #define HAVE_STRINGS_H 1
| #define HAVE_UNISTD_H 1
| #define RETSIGTYPE void
| #define HAVE_DECL_STRERROR_R 1
| #define HAVE_STRERROR_R 1
| #define STRERROR_R_CHAR_P 1
| #define HAVE_GETOPT_H 1
| #define HAVE_GETOPT_LONG_ONLY 1
| /* end confdefs.h.  */
| #include <getopt.h>
| 
| int
| main ()
| {
| #ifndef optreset
|   (void) optreset;
| #endif
| 
|   ;
|   return 0;
| }
configure:6465: result: no
configure:6474: checking for working GNU getopt function
configure:6567: gcc -o conftest -g -O2   conftest.c  >&5
configure:6570: $? = 0
configure:6576: ./conftest
conftest: invalid option -- '+'
configure:6579: $? = 0
configure:6595: result: yes
configure:6603: checking whether getenv is declared
configure:6632: gcc -c -g -O2  conftest.c >&5
configure:6638: $? = 0
configure:6653: result: yes
configure:6672: checking for C/C++ restrict keyword
configure:6708: gcc -c -g -O2  conftest.c >&5
configure:6714: $? = 0
configure:6732: result: restrict
configure:6749: checking whether the preprocessor supports include_next
configure:6782: gcc -c -g -O2  -Iconftestd1 -Iconftestd2 conftest.c >&5
configure:6788: $? = 0
configure:6806: result: yes
configure:6841: checking sys/time.h usability
configure:6858: gcc -c -g -O2  conftest.c >&5
configure:6864: $? = 0
configure:6878: result: yes
configure:6882: checking sys/time.h presence
configure:6897: gcc -E  conftest.c
configure:6903: $? = 0
configure:6917: result: yes
configure:6950: checking for sys/time.h
configure:6958: result: yes
configure:6831: checking for stdint.h
configure:6837: result: yes
configure:6841: checking wchar.h usability
configure:6858: gcc -c -g -O2  conftest.c >&5
configure:6864: $? = 0
configure:6878: result: yes
configure:6882: checking wchar.h presence
configure:6897: gcc -E  conftest.c
configure:6903: $? = 0
configure:6917: result: yes
configure:6950: checking for wchar.h
configure:6958: result: yes
configure:6831: checking for stdlib.h
configure:6837: result: yes
configure:6831: checking for sys/stat.h
configure:6837: result: yes
configure:6831: checking for unistd.h
configure:6837: result: yes
configure:7035: checking for struct timeval
configure:7065: gcc -c -g -O2  conftest.c >&5
configure:7071: $? = 0
configure:7086: result: yes
configure:7115: checking for gettimeofday
configure:7171: gcc -o conftest -g -O2   conftest.c  >&5
configure:7177: $? = 0
configure:7195: result: yes
configure:7115: checking for strerror
configure:7171: gcc -o conftest -g -O2   conftest.c  >&5
configure:7177: $? = 0
configure:7195: result: yes
configure:7115: checking for lstat
configure:7171: gcc -o conftest -g -O2   conftest.c  >&5
configure:7177: $? = 0
configure:7195: result: yes
configure:7210: checking for inline
configure:7236: gcc -c -g -O2  conftest.c >&5
configure:7242: $? = 0
configure:7260: result: inline
configure:7294: checking for special C compiler options needed for large files
configure:7387: result: no
configure:7393: checking for _FILE_OFFSET_BITS value needed for large files
configure:7428: gcc -c -g -O2  conftest.c >&5
configure:7434: $? = 0
configure:7502: result: no
configure:7638: checking for long long int
configure:7671: gcc -o conftest -g -O2   conftest.c  >&5
configure:7677: $? = 0
configure:7722: gcc -o conftest -g -O2   conftest.c  >&5
configure:7725: $? = 0
configure:7731: ./conftest
configure:7734: $? = 0
configure:7759: result: yes
configure:7770: checking for unsigned long long int
configure:7801: gcc -o conftest -g -O2   conftest.c  >&5
configure:7807: $? = 0
configure:7824: result: yes
configure:7864: checking whether stat file-mode macros are broken
configure:7901: gcc -c -g -O2  conftest.c >&5
configure:7907: $? = 0
configure:7922: result: no
configure:7992: checking for error_at_line
configure:8018: gcc -o conftest -g -O2   conftest.c  >&5
configure:8024: $? = 0
configure:8041: result: yes
configure:8098: checking for gettimeofday with POSIX signature
configure:8130: gcc -c -g -O2  conftest.c >&5
configure:8136: $? = 0
configure:8151: result: yes
configure:8157: checking whether gettimeofday clobbers localtime buffer
configure:8199: gcc -o conftest -g -O2   conftest.c  >&5
configure:8202: $? = 0
configure:8208: ./conftest
configure:8211: $? = 0
configure:8227: result: no
configure:8746: checking whether the compiler generally respects inline
configure:8777: gcc -c -g -O2  conftest.c >&5
configure:8783: $? = 0
configure:8800: result: yes
configure:8814: checking for working mkstemp
configure:8858: gcc -o conftest -g -O2   conftest.c  >&5
configure:8861: $? = 0
configure:8867: ./conftest
configure:8870: $? = 0
configure:8888: result: yes
configure:8990: checking whether stdint.h conforms to C99
configure:9169: gcc -c -g -O2  conftest.c >&5
configure:9175: $? = 0
configure:9190: result: yes
configure:10045: checking whether mkdir is declared
configure:10075: gcc -c -g -O2  conftest.c >&5
configure:10081: $? = 0
configure:10096: result: yes
configure:10326: checking for a thread-safe mkdir -p
configure:10365: result: /usr/bin/mkdir -p
configure:10371: checking for a thread-safe mkdir -p
configure:10410: result: /usr/bin/mkdir -p
configure:10490: checking whether <wchar.h> is standalone
configure:10505: gcc -c -g -O2  conftest.c >&5
configure:10511: $? = 0
configure:10526: result: yes
configure:10615: checking return type of signal handlers
configure:10664: result: void
configure:10680: checking for memset
configure:10736: gcc -o conftest -g -O2   conftest.c  >&5
conftest.c:75:6: warning: conflicting types for built-in function 'memset'; expected 'void *(void *, int,  long unsigned int)' [-Wbuiltin-declaration-mismatch]
   75 | char memset ();
      |      ^~~~~~
conftest.c:63:1: note: 'memset' is declared in header '<string.h>'
   62 | # include <limits.h>
   63 | #else
configure:10742: $? = 0
configure:10760: result: yes
configure:10680: checking for strcasecmp
configure:10736: gcc -o conftest -g -O2   conftest.c  >&5
conftest.c:76:6: warning: conflicting types for built-in function 'strcasecmp'; expected 'int(const char *, const char *)' [-Wbuiltin-declaration-mismatch]
   76 | char strcasecmp ();
      |      ^~~~~~~~~~
configure:10742: $? = 0
configure:10760: result: yes
configure:10680: checking for strchr
configure:10736: gcc -o conftest -g -O2   conftest.c  >&5
conftest.c:77:6: warning: conflicting types for built-in function 'strchr'; expected 'char *(const char *, int)' [-Wbuiltin-declaration-mismatch]
   77 | char strchr ();
      |      ^~~~~~
conftest.c:65:1: note: 'strchr' is declared in header '<string.h>'
   64 | # include <limits.h>
   65 | #else
configure:10742: $? = 0
configure:10760: result: yes
configure:10680: checking for strrchr
configure:10736: gcc -o conftest -g -O2   conftest.c  >&5
conftest.c:78:6: warning: conflicting types for built-in function 'strrchr'; expected 'char *(const char *, int)' [-Wbuiltin-declaration-mismatch]
   78 | char strrchr ();
      |      ^~~~~~~
conftest.c:66:1: note: 'strrchr' is declared in header '<string.h>'
   65 | # include <limits.h>
   66 | #else
configure:10742: $? = 0
configure:10760: result: yes
configure:10680: checking for strtol
configure:10736: gcc -o conftest -g -O2   conftest.c  >&5
configure:10742: $? = 0
configure:10760: result: yes
configure:10842: checking for tputs in -lncurses
configure:10877: gcc -o conftest -g -O2   conftest.c -lncurses   >&5
/usr/bin/ld: cannot find -lncurses: No such file or directory
collect2: error: ld returned 1 exit status
configure:10883: $? = 1
configure: failed program was:
| /* confdefs.h.  */
| #define PACKAGE_NAME "mix"
| #define PACKAGE_TARNAME "mix"
| #define PACKAGE_VERSION "2.0"
| #define PACKAGE_STRING "mix 2.0"
| #define PACKAGE_BUGREPORT "gray@gnu.org.ua"
| #define PACKAGE "mix"
| #define VERSION "2.0"
| #define _GNU_SOURCE 1
| #define STDC_HEADERS 1
| #define HAVE_SYS_TYPES_H 1
| #define HAVE_SYS_STAT_H 1
| #define HAVE_STDLIB_H 1
| #define HAVE_STRING_H 1
| #define HAVE_MEMORY_H 1
| #define HAVE_STRINGS_H 1
| #define HAVE_INTTYPES_H 1
| #define HAVE_STDINT_H 1
| #define HAVE_UNISTD_H 1
| #define __EXTENSIONS__ 1
| #define _POSIX_PTHREAD_SEMANTICS 1
| #define _TANDEM_SOURCE 1
| #define STDC_HEADERS 1
| #define HAVE_FCNTL_H 1
| #define HAVE_STDLIB_H 1
| #define HAVE_STRING_H 1
| #define HAVE_STRINGS_H 1
| #define HAVE_UNISTD_H 1
| #define RETSIGTYPE void
| #define HAVE_DECL_STRERROR_R 1
| #define HAVE_STRERROR_R 1
| #define STRERROR_R_CHAR_P 1
| #define HAVE_GETOPT_H 1
| #define HAVE_GETOPT_LONG_ONLY 1
| #define HAVE_DECL_GETENV 1
| #define HAVE_INCLUDE_NEXT 1
| #define HAVE_SYS_TIME_H 1
| #define HAVE_STDINT_H 1
| #define HAVE_WCHAR_H 1
| #define HAVE_STDLIB_H 1
| #define HAVE_SYS_STAT_H 1
| #define HAVE_UNISTD_H 1
| #define HAVE_GETTIMEOFDAY 1
| #define HAVE_STRERROR 1
| #define HAVE_LSTAT 1
| #define HAVE_LONG_LONG_INT 1
| #define HAVE_UNSIGNED_LONG_LONG_INT 1
| #define HAVE_INLINE 1
| #define HAVE_DECL_MKDIR 1
| #define RETSIGTYPE void
| #define HAVE_MEMSET 1
| #define HAVE_STRCASECMP 1
| #define HAVE_STRCHR 1
| #define HAVE_STRRCHR 1
| #define HAVE_STRTOL 1
| /* end confdefs.h.  */
| 
| /* Override any GCC internal prototype to avoid an error.
|    Use char because int might match the return type of a GCC
|    builtin and then its argument prototype would still apply.  */
| #ifdef __cplusplus
| extern "C"
| #endif
| char tputs ();
| int
| main ()
| {
| return tputs ();
|   ;
|   return 0;
| }
configure:10902: result: no
configure:10842: checking for tputs in -lcurses
configure:10877: gcc -o conftest -g -O2   conftest.c -lcurses   >&5
/usr/bin/ld: cannot find -lcurses: No such file or directory
collect2: error: ld returned 1 exit status
configure:10883: $? = 1
configure: failed program was:
| /* confdefs.h.  */
| #define PACKAGE_NAME "mix"
| #define PACKAGE_TARNAME "mix"
| #define PACKAGE_VERSION "2.0"
| #define PACKAGE_STRING "mix 2.0"
| #define PACKAGE_BUGREPORT "gray@gnu.org.ua"
| #define PACKAGE "mix"
| #define VERSION "2.0"
| #define _GNU_SOURCE 1
| #define STDC_HEADERS 1
| #define HAVE_SYS_TYPES_H 1
| #define HAVE_SYS_STAT_H 1
| #define HAVE_STDLIB_H 1
| #define HAVE_STRING_H 1
| #define HAVE_MEMORY_H 1
| #define HAVE_STRINGS_H 1
| #define HAVE_INTTYPES_H 1
| #define HAVE_STDINT_H 1
| #define HAVE_UNISTD_H 1
| #define __EXTENSIONS__ 1
| #define _POSIX_PTHREAD_SEMANTICS 1
| #define _TANDEM_SOURCE 1
| #define STDC_HEADERS 1
| #define HAVE_FCNTL_H 1
| #define HAVE_STDLIB_H 1
| #define HAVE_STRING_H 1
| #define HAVE_STRINGS_H 1
| #define HAVE_UNISTD_H 1
| #define RETSIGTYPE void
| #define HAVE_DECL_STRERROR_R 1
| #define HAVE_STRERROR_R 1
| #define STRERROR_R_CHAR_P 1
| #define HAVE_GETOPT_H 1
| #define HAVE_GETOPT_LONG_ONLY 1
| #define HAVE_DECL_GETENV 1
| #define HAVE_INCLUDE_NEXT 1
| #define HAVE_SYS_TIME_H 1
| #define HAVE_STDINT_H 1
| #define HAVE_WCHAR_H 1
| #define HAVE_STDLIB_H 1
| #define HAVE_SYS_STAT_H 1
| #define HAVE_UNISTD_H 1
| #define HAVE_GETTIMEOFDAY 1
| #define HAVE_STRERROR 1
| #define HAVE_LSTAT 1
| #define HAVE_LONG_LONG_INT 1
| #define HAVE_UNSIGNED_LONG_LONG_INT 1
| #define HAVE_INLINE 1
| #define HAVE_DECL_MKDIR 1
| #define RETSIGTYPE void
| #define HAVE_MEMSET 1
| #define HAVE_STRCASECMP 1
| #define HAVE_STRCHR 1
| #define HAVE_STRRCHR 1
| #define HAVE_STRTOL 1
| /* end confdefs.h.  */
| 
| /* Override any GCC internal prototype to avoid an error.
|    Use char because int might match the return type of a GCC
|    builtin and then its argument prototype would still apply.  */
| #ifdef __cplusplus
| extern "C"
| #endif
| char tputs ();
| int
| main ()
| {
| return tputs ();
|   ;
|   return 0;
| }
configure:10902: result: no
configure:10842: checking for tputs in -ltermcap
configure:10877: gcc -o conftest -g -O2   conftest.c -ltermcap   >&5
/usr/bin/ld: cannot find -ltermcap: No such file or directory
collect2: error: ld returned 1 exit status
configure:10883: $? = 1
configure: failed program was:
| /* confdefs.h.  */
| #define PACKAGE_NAME "mix"
| #define PACKAGE_TARNAME "mix"
| #define PACKAGE_VERSION "2.0"
| #define PACKAGE_STRING "mix 2.0"
| #define PACKAGE_BUGREPORT "gray@gnu.org.ua"
| #define PACKAGE "mix"
| #define VERSION "2.0"
| #define _GNU_SOURCE 1
| #define STDC_HEADERS 1
| #define HAVE_SYS_TYPES_H 1
| #define HAVE_SYS_STAT_H 1
| #define HAVE_STDLIB_H 1
| #define HAVE_STRING_H 1
| #define HAVE_MEMORY_H 1
| #define HAVE_STRINGS_H 1
| #define HAVE_INTTYPES_H 1
| #define HAVE_STDINT_H 1
| #define HAVE_UNISTD_H 1
| #define __EXTENSIONS__ 1
| #define _POSIX_PTHREAD_SEMANTICS 1
| #define _TANDEM_SOURCE 1
| #define STDC_HEADERS 1
| #define HAVE_FCNTL_H 1
| #define HAVE_STDLIB_H 1
| #define HAVE_STRING_H 1
| #define HAVE_STRINGS_H 1
| #define HAVE_UNISTD_H 1
| #define RETSIGTYPE void
| #define HAVE_DECL_STRERROR_R 1
| #define HAVE_STRERROR_R 1
| #define STRERROR_R_CHAR_P 1
| #define HAVE_GETOPT_H 1
| #define HAVE_GETOPT_LONG_ONLY 1
| #define HAVE_DECL_GETENV 1
| #define HAVE_INCLUDE_NEXT 1
| #define HAVE_SYS_TIME_H 1
| #define HAVE_STDINT_H 1
| #define HAVE_WCHAR_H 1
| #define HAVE_STDLIB_H 1
| #define HAVE_SYS_STAT_H 1
| #define HAVE_UNISTD_H 1
| #define HAVE_GETTIMEOFDAY 1
| #define HAVE_STRERROR 1
| #define HAVE_LSTAT 1
| #define HAVE_LONG_LONG_INT 1
| #define HAVE_UNSIGNED_LONG_LONG_INT 1
| #define HAVE_INLINE 1
| #define HAVE_DECL_MKDIR 1
| #define RETSIGTYPE void
| #define HAVE_MEMSET 1
| #define HAVE_STRCASECMP 1
| #define HAVE_STRCHR 1
| #define HAVE_STRRCHR 1
| #define HAVE_STRTOL 1
| /* end confdefs.h.  */
| 
| /* Override any GCC internal prototype to avoid an error.
|    Use char because int might match the return type of a GCC
|    builtin and then its argument prototype would still apply.  */
| #ifdef __cplusplus
| extern "C"
| #endif
| char tputs ();
| int
| main ()
| {
| return tputs ();
|   ;
|   return 0;
| }
configure:10902: result: no
configure:10912: checking for readline in -lreadline
configure:10947: gcc -o conftest -g -O2   conftest.c -lreadline    >&5
/usr/bin/ld: cannot find -lreadline: No such file or directory
collect2: error: ld returned 1 exit status
configure:10953: $? = 1
configure: failed program was:
| /* confdefs.h.  */
| #define PACKAGE_NAME "mix"
| #define PACKAGE_TARNAME "mix"
| #define PACKAGE_VERSION "2.0"
| #define PACKAGE_STRING "mix 2.0"
| #define PACKAGE_BUGREPORT "gray@gnu.org.ua"
| #define PACKAGE "mix"
| #define VERSION "2.0"
| #define _GNU_SOURCE 1
| #define STDC_HEADERS 1
| #define HAVE_SYS_TYPES_H 1
| #define HAVE_SYS_STAT_H 1
| #define HAVE_STDLIB_H 1
| #define HAVE_STRING_H 1
| #define HAVE_MEMORY_H 1
| #define HAVE_STRINGS_H 1
| #define HAVE_INTTYPES_H 1
| #define HAVE_STDINT_H 1
| #define HAVE_UNISTD_H 1
| #define __EXTENSIONS__ 1
| #define _POSIX_PTHREAD_SEMANTICS 1
| #define _TANDEM_SOURCE 1
| #define STDC_HEADERS 1
| #define HAVE_FCNTL_H 1
| #define HAVE_STDLIB_H 1
| #define HAVE_STRING_H 1
| #define HAVE_STRINGS_H 1
| #define HAVE_UNISTD_H 1
| #define RETSIGTYPE void
| #define HAVE_DECL_STRERROR_R 1
| #define HAVE_STRERROR_R 1
| #define STRERROR_R_CHAR_P 1
| #define HAVE_GETOPT_H 1
| #define HAVE_GETOPT_LONG_ONLY 1
| #define HAVE_DECL_GETENV 1
| #define HAVE_INCLUDE_NEXT 1
| #define HAVE_SYS_TIME_H 1
| #define HAVE_STDINT_H 1
| #define HAVE_WCHAR_H 1
| #define HAVE_STDLIB_H 1
| #define HAVE_SYS_STAT_H 1
| #define HAVE_UNISTD_H 1
| #define HAVE_GETTIMEOFDAY 1
| #define HAVE_STRERROR 1
| #define HAVE_LSTAT 1
| #define HAVE_LONG_LONG_INT 1
| #define HAVE_UNSIGNED_LONG_LONG_INT 1
| #define HAVE_INLINE 1
| #define HAVE_DECL_MKDIR 1
| #define RETSIGTYPE void
| #define HAVE_MEMSET 1
| #define HAVE_STRCASECMP 1
| #define HAVE_STRCHR 1
| #define HAVE_STRRCHR 1
| #define HAVE_STRTOL 1
| /* end confdefs.h.  */
| 
| /* Override any GCC internal prototype to avoid an error.
|    Use char because int might match the return type of a GCC
|    builtin and then its argument prototype would still apply.  */
| #ifdef __cplusplus
| extern "C"
| #endif
| char readline ();
| int
| main ()
| {
| return readline ();
|   ;
|   return 0;
| }
configure:10971: result: no
configure:11228: WARNING: readline requested but does not seem to be installed
configure:11245: checking for emacs
configure:11275: result: no
configure:11245: checking for xemacs
configure:11275: result: no
configure:11296: checking where .elc files should go
configure:11325: result: ${datadir}/emacs/site-lisp
configure:11487: creating ./config.status

## ---------------------- ##
## Running config.status. ##
## ---------------------- ##

This file was extended by mix config.status 2.0, which was
generated by GNU Autoconf 2.61.  Invocation command line was

  CONFIG_FILES    = 
  CONFIG_HEADERS  = 
  CONFIG_LINKS    = 
  CONFIG_COMMANDS = 
  $ ./config.status 

on 3c0b218b11ba

config.status:737: creating tests/Makefile
config.status:737: creating tests/atlocal
config.status:737: creating Makefile
config.status:737: creating yfmt/Makefile
config.status:737: creating lib/Makefile
config.status:737: creating gnu/Makefile
config.status:737: creating src/Makefile
config.status:737: creating elisp/Makefile
config.status:737: creating examples/Makefile
config.status:737: creating doc/Makefile
config.status:737: creating config.h
config.status:1008: config.h is unchanged
config.status:1054: executing depfiles commands
config.status:1054: executing tests/atconfig commands

## ---------------- ##
## Cache variables. ##
## ---------------- ##

ac_cv_c_compiler_gnu=yes
ac_cv_c_inline=inline
ac_cv_c_restrict=restrict
ac_cv_env_CC_set=
ac_cv_env_CC_value=
ac_cv_env_CFLAGS_set=
ac_cv_env_CFLAGS_value=
ac_cv_env_CPPFLAGS_set=
ac_cv_env_CPPFLAGS_value=
ac_cv_env_CPP_set=
ac_cv_env_CPP_value=
ac_cv_env_EMACSLOADPATH_set=
ac_cv_env_EMACSLOADPATH_value=
ac_cv_env_EMACS_set=
ac_cv_env_EMACS_value=
ac_cv_env_LDFLAGS_set=
ac_cv_env_LDFLAGS_value=
ac_cv_env_LIBS_set=
ac_cv_env_LIBS_value=
ac_cv_env_YACC_set=
ac_cv_env_YACC_value=
ac_cv_env_YFLAGS_set=
ac_cv_env_YFLAGS_value=
ac_cv_env_build_alias_set=
ac_cv_env_build_alias_value=
ac_cv_env_host_alias_set=
ac_cv_env_host_alias_value=
ac_cv_env_target_alias_set=
ac_cv_env_target_alias_value=
ac_cv_func_getopt_long_only=yes
ac_cv_func_gettimeofday=yes
ac_cv_func_lstat=yes
ac_cv_func_memset=yes
ac_cv_func_strcasecmp=yes
ac_cv_func_strchr=yes
ac_cv_func_strerror=yes
ac_cv_func_strerror_r=yes
ac_cv_func_strerror_r_char_p=yes
ac_cv_func_strrchr=yes
ac_cv_func_strtol=yes
ac_cv_have_decl_getenv=yes
ac_cv_have_decl_mkdir=yes
ac_cv_have_decl_optreset=no
ac_cv_have_decl_strerror_r=yes
ac_cv_header_fcntl_h=yes
ac_cv_header_getopt_h=yes
ac_cv_header_inttypes_h=yes
ac_cv_header_memory_h=yes
ac_cv_header_minix_config_h=no
ac_cv_header_stat_broken=no
ac_cv_header_stdc=yes
ac_cv_header_stdint_h=yes
ac_cv_header_stdlib_h=yes
ac_cv_header_string_h=yes
ac_cv_header_strings_h=yes
ac_cv_header_sys_stat_h=yes
ac_cv_header_sys_time_h=yes
ac_cv_header_sys_types_h=yes
ac_cv_header_unistd_h=yes
ac_cv_header_wchar_h=yes
ac_cv_lib_curses___tputs=no
ac_cv_lib_error_at_line=yes
ac_cv_lib_ncurses___tputs=no
ac_cv_lib_readline_readline=no
ac_cv_lib_termcap___tputs=no
ac_cv_objext=o
ac_cv_path_EGREP='/usr/bin/grep -E'
ac_cv_path_GREP=/usr/bin/grep
ac_cv_path_install='/usr/bin/install -c'
ac_cv_path_mkdir=/usr/bin/mkdir
ac_cv_prog_AWK=mawk
ac_cv_prog_CPP='gcc -E'
ac_cv_prog_ac_ct_CC=gcc
ac_cv_prog_ac_ct_RANLIB=ranlib
ac_cv_prog_cc_c89=
ac_cv_prog_cc_g=yes
ac_cv_prog_make_make_set=yes
ac_cv_safe_to_define___extensions__=yes
ac_cv_sys_file_offset_bits=no
ac_cv_sys_largefile_CC=no
ac_cv_type_long_long_int=yes
ac_cv_type_signal=void
ac_cv_type_unsigned_long_long_int=yes
am_cv_CC_dependencies_compiler_type=gcc3
am_cv_lispdir='${datadir}/emacs/site-lisp'
gl_cv_c_inline_effective=yes
gl_cv_func_gettimeofday_clobber=no
gl_cv_func_gettimeofday_posix_signature=yes
gl_cv_func_gnu_getopt=yes
gl_cv_func_working_mkstemp=yes
gl_cv_have_include_next=yes
gl_cv_header_wchar_h_standalone=yes
gl_cv_header_working_stdint_h=yes
gl_cv_next_stdint_h='<stdint.h>'
gl_cv_next_stdlib_h='<stdlib.h>'
gl_cv_next_sys_stat_h='<sys/stat.h>'
gl_cv_next_sys_time_h='<sys/time.h>'
gl_cv_next_unistd_h='<unistd.h>'
gl_cv_next_wchar_h='<wchar.h>'
gl_cv_sys_struct_timeval=yes

## ----------------- ##
## Output variables. ##
## ----------------- ##

ACLOCAL='${SHELL} /root/src/mix-2.0/build-aux/missing --run aclocal-1.9'
AMDEPBACKSLASH='\'
AMDEP_FALSE='#'
AMDEP_TRUE=''
AMTAR='${SHELL} /root/src/mix-2.0/build-aux/missing --run tar'
AUTOCONF='${SHELL} /root/src/mix-2.0/build-aux/missing --run autoconf'
AUTOHEADER='${SHELL} /root/src/mix-2.0/build-aux/missing --run autoheader'
AUTOM4TE='${SHELL} /root/src/mix-2.0/build-aux/missing --run autom4te'
AUTOMAKE='${SHELL} /root/src/mix-2.0/build-aux/missing --run automake-1.9'
AWK='mawk'
BITSIZEOF_PTRDIFF_T=''
BITSIZEOF_SIG_ATOMIC_T=''
BITSIZEOF_SIZE_T=''
BITSIZEOF_WCHAR_T=''
BITSIZEOF_WINT_T=''
CC='gcc'
CCDEPMODE='depmode=gcc3'
CFLAGS='-g -O2'
CPP='gcc -E'
CPPFLAGS=''
CYGPATH_W='echo'
DEFS='-DHAVE_CONFIG_H'
DEPDIR='.deps'
ECHO_C=''
ECHO_N='-n'
ECHO_T=''
EGREP='/usr/bin/grep -E'
EMACS='no'
EMACSLOADPATH=''
EXEEXT=''
GETOPT_H=''
GL_COND_LIBTOOL_FALSE=''
GL_COND_LIBTOOL_TRUE='#'
GNULIB_CHOWN='0'
GNULIB_DUP2='0'
GNULIB_FCHDIR='0'
GNULIB_FTRUNCATE='0'
GNULIB_GETCWD='0'
GNULIB_GETLOGIN_R='0'
GNULIB_GETSUBOPT='0'
GNULIB_LCHOWN='0'
GNULIB_LSEEK='0'
GNULIB_MKDTEMP='0'
GNULIB_MKSTEMP='1'
GNULIB_READLINK='0'
GNULIB_SLEEP='0'
GNULIB_WCWIDTH='0'
GREP='/usr/bin/grep'
HAVE_DECL_GETLOGIN_R='1'
HAVE_DECL_MKDIR='1'
HAVE_DECL_WCWIDTH='1'
HAVE_DUP2='1'
HAVE_FTRUNCATE='1'
HAVE_GETSUBOPT='1'
HAVE_INTTYPES_H='1'
HAVE_IO_H='0'
HAVE_LONG_LONG_INT='1'
HAVE_LSTAT='1'
HAVE_MKDTEMP='1'
HAVE_READLINK='1'
HAVE_SIGNED_SIG_ATOMIC_T=''
HAVE_SIGNED_WCHAR_T=''
HAVE_SIGNED_WINT_T=''
HAVE_SLEEP='1'
HAVE_STDINT_H='1'
HAVE_STRUCT_TIMEVAL='1'
HAVE_SYS_BITYPES_H=''
HAVE_SYS_INTTYPES_H=''
HAVE_SYS_TIME_H='1'
HAVE_SYS_TYPES_H='1'
HAVE_UNISTD_H='1'
HAVE_UNSIGNED_LONG_LONG_INT='1'
HAVE_WCHAR_H='1'
INCLUDE_NEXT='include_next'
INDENT=':'
INSTALL_DATA='${INSTALL} -m 644'
INSTALL_PROGRAM='${INSTALL}'
INSTALL_SCRIPT='${INSTALL}'
INSTALL_STRIP_PROGRAM='${SHELL} $(install_sh) -c -s'
LDFLAGS=''
LEX=':'
LEXLIB=''
LEX_OUTPUT_ROOT=''
LIBGNU_LIBDEPS=''
LIBGNU_LTLIBDEPS=''
LIBINTL=''
LIBOBJS=''
LIBS=''
LTLIBINTL=''
LTLIBOBJS=''
MAKEINFO='${SHELL} /root/src/mix-2.0/build-aux/missing --run makeinfo'
NEXT_STDINT_H='<stdint.h>'
NEXT_STDLIB_H='<stdlib.h>'
NEXT_SYS_STAT_H='<sys/stat.h>'
NEXT_SYS_TIME_H='<sys/time.h>'
NEXT_UNISTD_H='<unistd.h>'
NEXT_WCHAR_H='<wchar.h>'
OBJEXT='o'
PACKAGE='mix'
PACKAGE_BUGREPORT='gray@gnu.org.ua'
PACKAGE_NAME='mix'
PACKAGE_STRING='mix 2.0'
PACKAGE_TARNAME='mix'
PACKAGE_VERSION='2.0'
PATH_SEPARATOR=':'
PTRDIFF_T_SUFFIX=''
RANLIB='ranlib'
READLINE_LIBS=''
REPLACE_CHOWN='0'
REPLACE_FCHDIR='0'
REPLACE_GETCWD='0'
REPLACE_GETTIMEOFDAY='0'
REPLACE_LCHOWN='0'
REPLACE_LSEEK='0'
REPLACE_MKSTEMP='0'
REPLACE_WCWIDTH='0'
SET_MAKE=''
SHELL='/bin/bash'
SIG_ATOMIC_T_SUFFIX=''
SIZE_T_SUFFIX=''
STDINT_H=''
STRIP=''
SYS_STAT_H='sys/stat.h'
SYS_TIME_H=''
VERSION='2.0'
WCHAR_H=''
WCHAR_T_SUFFIX=''
WINT_T_SUFFIX=''
YACC='yacc'
YFLAGS=''
ac_ct_CC='gcc'
am__fastdepCC_FALSE='#'
am__fastdepCC_TRUE=''
am__include='include'
am__leading_dot='.'
am__quote=''
am__tar='${AMTAR} chof - "$$tardir"'
am__untar='${AMTAR} xf -'
bindir='${exec_prefix}/bin'
build_alias=''
datadir='${datarootdir}'
datarootdir='${prefix}/share'
docdir='${datarootdir}/doc/${PACKAGE_TARNAME}'
dvidir='${docdir}'
exec_prefix='${prefix}'
gl_LIBOBJS=' exitfail.o tempname.o xmalloc.o'
gl_LTLIBOBJS=' exitfail.lo tempname.lo xmalloc.lo'
host_alias=''
htmldir='${docdir}'
includedir='${prefix}/include'
infodir='${datarootdir}/info'
install_sh='/root/src/mix-2.0/build-aux/install-sh'
libdir='${exec_prefix}/lib'
libexecdir='${exec_prefix}/libexec'
lisp_LISP=''
lispdir='${datadir}/emacs/site-lisp'
localedir='${datarootdir}/locale'
localstatedir='${prefix}/var'
mandir='${datarootdir}/man'
mkdir_p='mkdir -p --'
oldincludedir='/usr/include'
pdfdir='${docdir}'
prefix='/usr/local'
program_transform_name='s,x,x,'
psdir='${docdir}'
sbindir='${exec_prefix}/sbin'
sharedstatedir='${prefix}/com'
sysconfdir='${prefix}/etc'
target_alias=''

## ----------- ##
## confdefs.h. ##
## ----------- ##

#define PACKAGE_NAME "mix"
#define PACKAGE_TARNAME "mix"
#define PACKAGE_VERSION "2.0"
#define PACKAGE_STRING "mix 2.0"
#define PACKAGE_BUGREPORT "gray@gnu.org.ua"
#define PACKAGE "mix"
#define VERSION "2.0"
#define _GNU_SOURCE 1
#define STDC_HEADERS 1
#define HAVE_SYS_TYPES_H 1
#define HAVE_SYS_STAT_H 1
#define HAVE_STDLIB_H 1
#define HAVE_STRING_H 1
#define HAVE_MEMORY_H 1
#define HAVE_STRINGS_H 1
#define HAVE_INTTYPES_H 1
#define HAVE_STDINT_H 1
#define HAVE_UNISTD_H 1
#define __EXTENSIONS__ 1
#define _POSIX_PTHREAD_SEMANTICS 1
#define _TANDEM_SOURCE 1
#define STDC_HEADERS 1
#define HAVE_FCNTL_H 1
#define HAVE_STDLIB_H 1
#define HAVE_STRING_H 1
#define HAVE_STRINGS_H 1
#define HAVE_UNISTD_H 1
#define RETSIGTYPE void
#define HAVE_DECL_STRERROR_R 1
#define HAVE_STRERROR_R 1
#define STRERROR_R_CHAR_P 1
#define HAVE_GETOPT_H 1
#define HAVE_GETOPT_LONG_ONLY 1
#define HAVE_DECL_GETENV 1
#define HAVE_INCLUDE_NEXT 1
#define HAVE_SYS_TIME_H 1
#define HAVE_STDINT_H 1
#define HAVE_WCHAR_H 1
#define HAVE_STDLIB_H 1
#define HAVE_SYS_STAT_H 1
#define HAVE_UNISTD_H 1
#define HAVE_GETTIMEOFDAY 1
#define HAVE_STRERROR 1
#define HAVE_LSTAT 1
#define HAVE_LONG_LONG_INT 1
#define HAVE_UNSIGNED_LONG_LONG_INT 1
#define HAVE_INLINE 1
#define HAVE_DECL_MKDIR 1
#define RETSIGTYPE void
#define HAVE_MEMSET 1
#define HAVE_STRCASECMP 1
#define HAVE_STRCHR 1
#define HAVE_STRRCHR 1
#define HAVE_STRTOL 1

configure: exit 0
